state	min	max	median	shifts	jumps	jumpvar	SE	root	lnL	lnLp	qlnL.p	qlnL.h
5000	0.010	4.647	0.010	3	0	0.000	0.000	0.071	120.35	-2768.55	-0.03	-0.69
10000	0.010	15.449	0.010	3	0	0.000	0.002	-0.119	123.25	-2768.55	-0.02	-0.69
15000	0.011	7.447	0.011	3	0	0.000	0.003	0.033	123.32	-2768.54	-0.02	-0.69
20000	0.011	13.937	0.011	3	0	0.000	0.007	-0.114	122.76	-2768.56	0.00	-6.22
25000	0.010	88.984	0.010	3	0	0.000	0.000	-0.052	124.02	-2768.65	0.00	-6.83
30000	0.011	377.448	0.011	3	0	0.000	0.002	0.056	120.16	-2769.00	0.01	0.69
35000	0.012	250.524	0.012	3	0	0.000	0.004	-0.002	121.28	-2768.79	0.00	-6.90
40000	0.011	37.732	0.011	3	0	0.000	0.000	-0.107	124.49	-2768.58	0.00	-6.17
45000	0.010	22.298	0.010	3	0	0.000	0.000	0.040	124.62	-2768.55	0.00	-0.25
50000	0.011	7.959	0.011	4	0	0.000	0.001	0.116	122.53	-2770.30	0.00	-6.78
55000	0.011	0.813	0.011	1	0	0.000	0.000	-0.161	130.46	-2766.00	0.00	-6.38
60000	0.010	0.926	0.010	1	0	0.000	0.011	-0.106	127.33	-2766.00	0.00	-6.24
65000	0.009	0.846	0.009	1	0	0.000	0.000	0.007	129.08	-2766.00	0.01	0.69
70000	0.012	0.729	0.012	1	0	0.000	0.002	-0.129	129.71	-2765.99	-0.10	0.00
75000	0.011	1.257	0.011	2	0	0.000	0.007	-0.257	123.67	-2767.08	-0.05	0.00
80000	0.019	0.717	0.019	1	0	0.000	0.003	-0.146	117.45	-2766.00	-0.01	-0.69
85000	0.011	0.406	0.011	1	0	0.000	0.006	-0.049	127.18	-2765.98	-0.01	-0.69
90000	0.011	5.447	0.011	2	0	0.000	0.003	0.121	128.37	-2767.05	-0.20	0.00
95000	0.011	1.482	0.011	2	0	0.000	0.004	-0.084	125.88	-2767.09	-0.00	0.00
100000	0.013	0.715	0.013	1	0	0.000	0.009	-0.071	127.00	-2765.99	0.00	-6.59
105000	0.014	0.648	0.014	1	0	0.000	0.002	-0.017	128.54	-2765.99	0.03	0.69
110000	0.009	1.220	0.009	1	0	0.000	0.000	-0.012	126.99	-2766.02	0.00	-0.65
115000	0.009	1.232	0.009	1	0	0.000	0.008	-0.114	126.09	-2766.02	0.00	-6.92
120000	0.011	1.055	0.011	1	0	0.000	0.004	-0.070	128.68	-2766.01	-0.02	-0.69
125000	0.012	0.769	0.012	1	0	0.000	0.004	-0.100	129.27	-2766.00	-0.22	0.00
130000	0.010	0.473	0.010	1	0	0.000	0.004	-0.109	128.62	-2765.98	0.00	-6.85
135000	0.010	0.783	0.010	1	0	0.000	0.000	-0.071	131.02	-2766.00	-0.00	0.10
140000	0.011	1.996	0.011	1	0	0.000	0.006	-0.034	124.30	-2766.06	-0.00	0.00
145000	0.010	0.493	0.010	1	0	0.000	0.000	-0.020	130.16	-2765.98	0.00	-6.85
150000	0.013	0.744	0.013	1	0	0.000	0.000	-0.117	129.90	-2765.99	0.00	-6.60
155000	0.011	0.632	0.011	1	0	0.000	0.001	-0.108	130.79	-2765.99	0.00	0.69
160000	0.014	1.551	0.014	1	0	0.000	0.004	-0.080	124.63	-2766.03	-0.00	0.61
165000	0.010	1.084	0.010	1	0	0.000	0.000	0.008	129.31	-2766.01	0.05	0.69
170000	0.013	0.546	0.013	1	0	0.000	0.003	-0.102	128.86	-2765.98	-0.01	-0.69
175000	0.010	1.152	0.010	1	0	0.000	0.014	-0.038	125.89	-2766.01	0.00	-6.03
180000	0.009	1.023	0.009	1	0	0.000	0.002	-0.094	128.76	-2766.01	-0.03	0.00
185000	0.011	15.258	0.011	2	0	0.000	0.004	-0.197	128.22	-2767.09	-0.03	-0.69
190000	0.014	0.588	0.014	1	0	0.000	0.004	-0.011	127.44	-2765.99	-0.24	0.00
195000	0.011	1.248	0.011	1	0	0.000	0.003	-0.014	128.20	-2766.02	0.00	-0.54
200000	0.009	0.745	0.009	1	0	0.000	0.003	-0.123	127.47	-2765.99	0.00	-7.00
205000	0.012	0.659	0.012	1	0	0.000	0.000	-0.097	130.89	-2765.99	0.01	0.00
210000	0.012	0.946	0.012	1	0	0.000	0.002	-0.044	129.51	-2766.00	-0.16	0.00
215000	0.013	1.087	0.013	1	0	0.000	0.001	0.010	127.53	-2766.01	-0.00	0.58
220000	0.011	0.704	0.011	1	0	0.000	0.006	-0.081	129.32	-2765.99	0.00	-6.74
225000	0.011	0.739	0.011	1	0	0.000	0.001	0.081	129.48	-2765.99	0.00	-6.72
230000	0.013	0.460	0.013	1	0	0.000	0.001	-0.073	128.31	-2765.98	-0.01	0.00
235000	0.015	0.616	0.015	1	0	0.000	0.001	-0.117	126.79	-2765.99	-0.10	0.00
240000	0.011	0.597	0.011	1	0	0.000	0.003	-0.003	129.81	-2765.99	-0.01	-0.69
245000	0.010	0.611	0.010	1	0	0.000	0.003	-0.063	129.79	-2765.99	0.00	-6.87
250000	0.010	0.494	0.010	1	0	0.000	0.002	-0.131	129.08	-2765.98	0.00	-0.20
255000	0.013	0.636	0.013	1	0	0.000	0.005	0.101	126.59	-2765.99	-0.00	0.04
260000	0.010	0.698	0.010	1	0	0.000	0.002	0.130	127.47	-2765.99	-0.21	0.00
265000	0.012	0.938	0.012	1	0	0.000	0.003	0.019	128.89	-2766.00	-0.16	0.00
270000	0.011	0.553	0.011	2	0	0.000	0.001	0.027	129.13	-2767.04	-0.00	-0.69
275000	0.009	1.112	0.009	1	0	0.000	0.009	-0.092	126.56	-2766.01	0.00	-0.22
280000	0.013	0.680	0.013	1	0	0.000	0.001	0.101	128.21	-2765.99	0.00	-6.59
285000	0.011	1.160	0.011	2	0	0.000	0.004	0.055	127.70	-2767.07	-0.02	0.00
290000	0.012	0.933	0.012	2	0	0.000	0.009	-0.030	126.01	-2767.06	-0.02	0.00
295000	0.009	0.559	0.009	1	0	0.000	0.009	-0.010	126.70	-2765.98	-0.01	-0.69
300000	0.010	1.129	0.010	1	0	0.000	0.003	0.044	127.82	-2766.01	0.00	-6.88
305000	0.011	0.719	0.011	1	0	0.000	0.002	-0.124	130.32	-2765.99	0.00	-6.74
310000	0.011	0.510	0.011	1	0	0.000	0.001	-0.087	130.50	-2765.98	0.00	-6.80
315000	0.010	1.353	0.010	1	0	0.000	0.005	0.019	126.56	-2766.02	-0.03	-0.69
320000	0.010	1.156	0.010	1	0	0.000	0.002	-0.081	129.06	-2766.01	-0.02	-0.69
325000	0.010	0.816	0.010	1	0	0.000	0.003	-0.214	127.84	-2766.00	0.00	-0.47
330000	0.012	0.412	0.012	1	0	0.000	0.003	-0.037	127.70	-2765.98	-0.00	0.00
335000	0.010	0.736	0.010	1	0	0.000	0.000	-0.019	130.74	-2765.99	0.03	0.69
340000	0.011	1.184	0.011	1	0	0.000	0.003	-0.149	127.99	-2766.02	-0.24	0.00
345000	0.010	0.708	0.010	2	0	0.000	0.006	-0.082	128.89	-2767.05	0.00	0.00
350000	0.010	0.853	0.010	1	0	0.000	0.001	0.017	130.03	-2766.00	0.00	-0.16
355000	0.011	1.238	0.011	1	0	0.000	0.002	0.011	128.54	-2766.02	-0.00	0.58
360000	0.013	0.830	0.013	1	0	0.000	0.001	-0.273	126.67	-2766.00	0.00	-6.36
365000	0.013	1.108	0.013	1	0	0.000	0.001	-0.071	128.36	-2766.01	0.00	-6.58
370000	0.012	4.658	0.012	2	0	0.000	0.008	-0.108	126.44	-2767.06	-0.02	0.00
375000	0.011	0.625	0.011	1	0	0.000	0.000	-0.125	130.94	-2765.99	0.00	-6.76
380000	0.012	0.809	0.012	1	0	0.000	0.005	-0.100	129.10	-2766.00	-0.18	0.00
385000	0.010	0.636	0.010	1	0	0.000	0.005	-0.135	128.75	-2765.99	-0.19	0.00
390000	0.013	0.778	0.013	2	0	0.000	0.001	-0.281	126.93	-2767.06	0.00	-6.58
395000	0.012	0.931	0.012	1	0	0.000	0.004	-0.029	128.87	-2766.00	-0.01	0.00
400000	0.012	0.641	0.012	1	0	0.000	0.006	-0.178	128.01	-2765.99	0.00	-6.66
405000	0.011	0.745	0.011	1	0	0.000	0.002	-0.015	130.47	-2765.99	-0.00	0.64
410000	0.013	1.494	0.013	1	0	0.000	0.003	-0.023	125.93	-2766.03	0.05	0.00
415000	0.010	0.868	0.010	2	0	0.000	0.006	-0.112	130.35	-2767.05	0.00	-0.44
420000	0.012	0.686	0.012	1	0	0.000	0.000	-0.045	131.17	-2765.99	-0.00	0.00
425000	0.011	0.785	0.011	1	0	0.000	0.000	-0.122	130.95	-2766.00	-0.00	0.00
430000	0.010	0.855	0.010	1	0	0.000	0.010	-0.167	127.26	-2766.00	0.00	-6.82
435000	0.010	30.270	0.010	2	0	0.000	0.004	-0.079	130.62	-2767.08	-0.01	-0.69
440000	0.011	0.434	0.011	1	0	0.000	0.005	0.197	123.72	-2765.98	0.04	0.00
445000	0.011	0.638	0.011	1	0	0.000	0.005	-0.134	129.22	-2765.99	0.00	-6.76
450000	0.011	1.037	0.011	1	0	0.000	0.000	-0.062	130.40	-2766.01	-0.02	-0.69
455000	0.009	0.788	0.009	1	0	0.000	0.005	0.022	127.54	-2766.00	0.00	0.00
460000	0.013	0.800	0.013	1	0	0.000	0.002	0.045	128.61	-2766.00	-0.10	0.00
465000	0.011	0.717	0.011	1	0	0.000	0.000	0.111	129.39	-2765.99	0.03	0.69
470000	0.011	0.766	0.011	1	0	0.000	0.001	-0.098	130.61	-2766.00	0.00	-6.43
475000	0.011	1.125	0.011	1	0	0.000	0.002	0.027	128.70	-2766.01	0.00	-6.74
480000	0.011	0.534	0.012	2	0	0.000	0.000	-0.157	130.06	-2767.04	-0.02	0.00
485000	0.010	0.771	0.010	1	0	0.000	0.001	-0.140	130.21	-2765.99	-0.00	0.00
490000	0.013	0.855	0.013	1	0	0.000	0.000	-0.092	130.03	-2766.00	-0.02	-0.69
495000	0.010	1.478	0.010	1	0	0.000	0.005	-0.164	125.74	-2766.03	0.00	0.00
500000	0.010	1.248	0.010	1	0	0.000	0.000	0.159	125.13	-2766.02	0.00	-6.90
505000	0.011	0.723	0.011	1	0	0.000	0.003	-0.141	129.65	-2765.99	-0.12	0.00
510000	0.012	0.870	0.012	1	0	0.000	0.008	0.048	127.47	-2766.00	0.00	-6.68
515000	0.010	0.700	0.010	1	0	0.000	0.010	-0.157	127.58	-2765.99	-0.13	0.00
520000	0.010	0.759	0.010	1	0	0.000	0.003	-0.009	129.97	-2765.99	-0.01	-0.69
525000	0.011	1.565	0.011	1	0	0.000	0.002	0.022	126.76	-2766.03	0.00	-6.76
530000	0.008	188.964	0.008	2	0	0.000	0.006	-0.059	124.64	-2767.23	-0.01	-0.69
535000	0.011	0.758	0.011	1	0	0.000	0.001	-0.191	129.98	-2765.99	0.00	-6.78
540000	0.013	0.765	0.013	1	0	0.000	0.010	-0.063	126.62	-2766.00	-0.22	0.00
545000	0.011	0.709	0.011	1	0	0.000	0.005	-0.180	128.69	-2765.99	-0.01	-0.69
550000	0.011	0.698	0.011	1	0	0.000	0.013	0.025	127.04	-2765.99	-0.00	0.00
555000	0.011	0.645	0.011	1	0	0.000	0.001	-0.039	130.83	-2765.99	0.02	0.00
560000	0.011	0.473	0.011	1	0	0.000	0.000	-0.021	130.22	-2765.98	0.02	0.00
565000	0.010	0.955	0.010	1	0	0.000	0.001	-0.049	130.22	-2766.00	0.00	-6.82
570000	0.012	0.541	0.012	1	0	0.000	0.000	-0.005	130.06	-2765.98	0.00	-6.64
575000	0.011	0.621	0.011	2	0	0.000	0.003	-0.179	129.89	-2767.05	-0.15	0.00
580000	0.010	0.995	0.010	1	0	0.000	0.000	-0.277	127.05	-2766.01	-0.24	0.00
585000	0.011	0.895	0.011	1	0	0.000	0.006	-0.022	128.92	-2766.00	-0.16	0.00
590000	0.011	24.681	0.011	2	0	0.000	0.018	-0.076	125.53	-2767.08	-0.01	-0.69
595000	0.011	73.323	0.011	2	0	0.000	0.000	-0.104	130.36	-2767.12	-0.18	0.00
600000	0.011	0.862	0.011	1	0	0.000	0.002	-0.018	130.14	-2766.00	0.01	0.69
605000	0.011	0.639	0.011	1	0	0.000	0.013	0.049	126.70	-2765.99	0.00	-6.75
610000	0.010	26.195	0.010	2	0	0.000	0.003	-0.025	126.70	-2767.11	-0.00	0.00
615000	0.008	1.314	0.008	1	0	0.000	0.002	0.110	122.70	-2766.02	0.00	-7.04
620000	0.011	0.719	0.011	1	0	0.000	0.006	-0.067	129.33	-2765.99	0.00	0.00
625000	0.011	0.794	0.011	1	0	0.000	0.006	0.036	128.61	-2766.00	0.00	0.00
630000	0.011	0.635	0.011	1	0	0.000	0.013	0.041	126.76	-2765.99	0.00	-6.78
635000	0.012	0.536	0.012	1	0	0.000	0.003	-0.053	129.54	-2765.98	0.00	-6.68
640000	0.009	0.664	0.009	1	0	0.000	0.004	0.021	127.99	-2765.99	-0.00	0.02
645000	0.013	0.656	0.013	1	0	0.000	0.002	-0.083	128.87	-2765.99	-0.00	0.13
650000	0.011	0.597	0.011	1	0	0.000	0.002	0.030	130.05	-2765.99	0.00	0.69
655000	0.012	0.950	0.012	1	0	0.000	0.000	-0.137	129.76	-2766.00	-0.02	-0.69
660000	0.010	2.986	0.010	2	0	0.000	0.005	-0.112	126.44	-2767.07	0.00	-6.85
665000	0.008	0.368	0.008	1	0	0.000	0.003	-0.120	121.74	-2765.97	0.00	-0.43
670000	0.010	0.520	0.010	1	0	0.000	0.004	0.044	128.64	-2765.98	-0.00	0.70
675000	0.010	0.492	0.010	1	0	0.000	0.001	-0.093	130.17	-2765.98	0.00	0.69
680000	0.012	0.611	0.012	1	0	0.000	0.021	0.006	124.41	-2765.99	-0.04	0.00
685000	0.008	0.687	0.008	1	0	0.000	0.002	-0.073	127.54	-2765.99	0.00	-0.52
690000	0.013	0.357	0.013	1	0	0.000	0.002	-0.074	125.66	-2765.98	-0.15	0.00
695000	0.010	1.178	0.010	1	0	0.000	0.003	0.071	127.36	-2766.01	0.00	-6.82
700000	0.012	0.790	0.012	1	0	0.000	0.003	-0.103	129.54	-2766.00	0.00	0.69
705000	0.010	0.823	0.010	1	0	0.000	0.003	-0.121	129.81	-2766.00	-0.02	-0.69
710000	0.011	0.530	0.011	1	0	0.000	0.010	-0.103	127.38	-2765.98	0.00	-6.72
715000	0.011	0.704	0.011	1	0	0.000	0.001	-0.078	131.10	-2765.99	-0.17	0.00
720000	0.011	0.676	0.011	1	0	0.000	0.001	-0.050	131.19	-2765.99	-0.01	0.00
725000	0.013	0.737	0.013	1	0	0.000	0.000	-0.315	126.57	-2765.99	-0.01	-0.69
730000	0.009	0.878	0.009	1	0	0.000	0.008	-0.025	127.68	-2766.00	-0.17	0.00
735000	0.014	0.604	0.014	1	0	0.000	0.007	0.001	126.52	-2765.99	0.00	0.18
740000	0.013	0.608	0.013	2	0	0.000	0.001	-0.103	130.11	-2767.05	0.03	0.69
745000	0.009	3.784	0.009	3	0	0.000	0.001	0.008	128.23	-2768.51	-0.24	0.00
750000	0.010	0.659	0.010	1	0	0.000	0.001	-0.254	128.14	-2765.99	-0.01	-0.69
755000	0.013	1.030	0.013	1	0	0.000	0.002	-0.079	128.02	-2766.01	0.03	0.00
760000	0.011	0.760	0.011	1	0	0.000	0.002	-0.026	130.62	-2765.99	0.00	0.69
765000	0.011	5.175	0.011	2	0	0.000	0.006	-0.020	128.80	-2767.06	-0.00	0.36
770000	0.010	0.602	0.010	1	0	0.000	0.002	0.068	129.44	-2765.99	-0.00	0.00
775000	0.012	0.701	0.012	1	0	0.000	0.004	-0.155	128.84	-2765.99	0.00	0.69
780000	0.009	0.759	0.009	1	0	0.000	0.005	-0.102	128.08	-2765.99	-0.00	0.00
785000	0.011	1.004	0.011	1	0	0.000	0.002	-0.082	129.91	-2766.01	-0.00	0.00
790000	0.011	0.952	0.011	1	0	0.000	0.005	-0.102	129.04	-2766.00	0.00	-6.77
795000	0.012	0.543	0.012	1	0	0.000	0.001	-0.011	130.37	-2765.98	0.00	-6.79
800000	0.011	0.714	0.011	1	0	0.000	0.003	0.114	128.38	-2765.99	0.00	-6.73
805000	0.012	0.598	0.012	1	0	0.000	0.004	-0.340	124.54	-2765.99	0.00	-6.67
810000	0.013	0.493	0.013	1	0	0.000	0.001	-0.075	128.57	-2765.98	0.00	-6.57
815000	0.012	0.451	0.012	1	0	0.000	0.003	0.014	128.02	-2765.98	-0.01	0.00
820000	0.011	1.131	0.011	1	0	0.000	0.002	-0.099	129.12	-2766.01	0.00	-6.76
825000	0.012	0.621	0.012	1	0	0.000	0.004	-0.029	129.33	-2765.99	0.00	0.69
830000	0.011	0.690	0.011	1	0	0.000	0.003	-0.038	130.05	-2765.99	0.00	-6.72
835000	0.010	0.572	0.010	2	0	0.000	0.003	-0.179	128.75	-2767.04	0.00	0.00
840000	0.012	0.583	0.012	1	0	0.000	0.003	0.030	129.10	-2765.99	0.00	-6.66
845000	0.010	0.706	0.010	1	0	0.000	0.006	-0.076	129.13	-2765.99	0.02	0.00
850000	0.012	0.811	0.012	1	0	0.000	0.002	-0.065	130.07	-2766.00	0.00	-6.70
855000	0.009	0.752	0.009	1	0	0.000	0.000	0.125	127.29	-2765.99	0.00	-6.45
860000	0.011	1.079	0.011	1	0	0.000	0.004	-0.019	128.67	-2766.01	-0.02	-0.69
865000	0.010	1.116	0.010	1	0	0.000	0.003	-0.116	128.58	-2766.01	0.00	0.00
870000	0.011	1.025	0.011	1	0	0.000	0.001	-0.197	128.79	-2766.01	0.00	-6.73
875000	0.011	0.583	0.011	1	0	0.000	0.004	-0.021	129.70	-2765.99	-0.04	0.00
880000	0.012	34.936	0.012	2	0	0.000	0.002	-0.109	125.99	-2767.10	0.00	0.00
885000	0.011	133.170	0.011	3	0	0.000	0.001	-0.049	127.11	-2768.73	-0.06	0.00
890000	0.010	67.978	0.010	2	0	0.000	0.006	0.066	123.94	-2767.12	0.00	-6.87
895000	0.011	36.302	0.011	3	0	0.000	0.005	-0.037	126.94	-2768.56	0.00	-6.78
900000	0.011	11.343	0.011	2	0	0.000	0.000	-0.151	127.55	-2767.06	-0.07	0.00
905000	0.011	16.076	0.011	2	0	0.000	0.001	-0.038	128.14	-2767.07	-0.01	-0.69
910000	0.012	5.791	0.012	2	0	0.000	0.001	-0.019	127.20	-2767.05	0.00	-6.65
915000	0.014	12.284	0.014	2	0	0.000	0.002	-0.032	123.06	-2767.05	0.00	0.00
920000	0.010	2.121	0.010	2	0	0.000	0.002	-0.114	127.61	-2767.06	0.00	-6.87
925000	0.012	1.756	0.012	1	0	0.000	0.000	0.012	126.45	-2766.04	0.00	-6.66
930000	0.006	0.892	0.011	2	0	0.000	0.001	-0.214	129.27	-2767.06	0.00	0.00
935000	0.010	0.714	0.010	1	0	0.000	0.003	-0.123	129.89	-2765.99	-0.01	-0.69
940000	0.010	0.844	0.010	1	0	0.000	0.000	0.053	129.73	-2766.00	-0.13	0.00
945000	0.012	1.067	0.012	1	0	0.000	0.001	-0.102	129.31	-2766.01	-0.10	0.00
950000	0.009	0.691	0.009	1	0	0.000	0.002	-0.041	129.83	-2765.99	0.00	-6.91
955000	0.012	0.814	0.012	1	0	0.000	0.000	0.021	130.40	-2766.00	-0.02	-0.69
960000	0.012	0.717	0.012	1	0	0.000	0.002	-0.137	129.99	-2765.99	-0.00	0.28
965000	0.010	0.605	0.010	1	0	0.000	0.004	-0.162	129.09	-2765.99	0.02	0.00
970000	0.010	0.468	0.010	1	0	0.000	0.013	0.000	126.24	-2765.98	-0.01	-0.69
975000	0.011	92.676	0.011	2	0	0.000	0.002	-0.115	130.84	-2767.14	-0.00	0.00
980000	0.011	0.963	0.011	1	0	0.000	0.008	-0.191	126.98	-2766.00	-0.02	-0.69
985000	0.012	796.183	0.012	2	0	0.000	0.001	-0.075	129.00	-2767.85	-0.01	-0.69
990000	0.011	314.665	0.011	2	0	0.000	0.007	0.019	123.01	-2767.41	-0.00	0.69
995000	0.010	0.521	0.010	1	0	0.000	0.003	0.016	129.14	-2765.98	-0.01	0.00
1000000	0.011	0.586	0.011	1	0	0.000	0.005	-0.125	129.33	-2765.99	0.00	0.69
