state	min	max	median	shifts	jumps	jumpvar	SE	root	lnL	lnLp	qlnL.p	qlnL.h
100	0.459	0.459	0.459	0	0	0.000	0.825	0.325	-31.87	-278.81	0.00	-5.08
200	0.484	0.484	0.484	0	8	20.798	0.804	0.383	-37.90	-281.83	-0.00	0.00
300	0.378	0.378	0.378	0	6	9.330	0.845	0.708	-32.04	-281.42	-0.00	0.00
400	0.035	0.035	0.035	0	0	0.000	1.065	0.958	-31.98	-278.80	0.00	-7.66
500	0.099	0.099	0.099	0	1	11.830	1.095	0.797	-32.33	-279.57	-0.00	0.00
600	0.342	0.342	0.342	0	0	0.000	1.595	0.952	-34.47	-278.81	0.00	-5.38
700	0.045	0.045	0.045	0	0	0.000	1.066	0.467	-32.94	-278.80	0.00	0.00
800	0.016	0.016	0.016	0	1	13.801	1.153	0.715	-32.29	-279.57	0.00	0.00
900	0.016	0.016	0.016	0	0	0.000	1.337	0.715	-32.54	-278.80	0.00	-8.42
1000	0.320	1.076	0.320	1	0	0.000	1.337	1.016	-33.08	-279.17	-0.01	0.00
1100	0.332	12.190	0.332	2	0	0.000	0.941	0.780	-31.90	-280.25	-0.01	0.00
1200	0.406	5.889	0.406	1	0	0.000	1.022	0.780	-31.86	-279.18	0.00	0.00
1300	0.360	0.360	0.360	0	0	0.000	0.697	0.563	-31.97	-278.81	-0.76	0.00
1400	0.302	0.302	0.302	0	1	8.848	1.018	0.401	-32.76	-279.57	0.00	-0.12
1500	0.164	0.164	0.164	0	3	5.561	0.829	0.401	-31.82	-280.67	-0.41	0.00
1600	0.367	0.367	0.367	0	0	0.000	0.829	0.607	-31.51	-278.81	0.00	-5.32
1700	0.460	0.460	0.460	0	1	7.497	1.322	0.383	-33.72	-279.58	0.01	0.00
1800	0.294	0.294	0.294	0	0	0.000	0.611	0.022	-34.42	-278.81	-0.75	0.00
1900	0.047	0.047	0.047	0	1	6.878	1.029	0.460	-33.84	-279.56	-0.70	0.00
2000	0.010	0.010	0.010	0	0	0.000	1.523	1.033	-33.11	-278.80	0.76	0.00
2100	0.009	0.009	0.009	0	0	0.000	1.764	0.831	-34.47	-278.80	0.00	-9.01
2200	0.031	0.031	0.031	0	1	13.945	1.819	0.976	-34.84	-279.57	-0.00	0.00
2300	0.005	0.005	0.005	0	1	12.073	1.819	0.616	-35.01	-279.57	0.00	0.00
2400	0.006	0.006	0.006	0	1	18.739	1.131	0.655	-32.49	-279.58	0.00	0.00
2500	0.038	0.038	0.038	0	1	22.071	0.977	0.732	-33.29	-279.59	0.00	0.00
2600	0.022	0.022	0.022	0	0	0.000	1.022	0.992	-32.32	-278.80	0.00	0.00
2700	0.003	0.003	0.003	0	0	0.000	1.431	1.565	-34.45	-278.80	-0.80	0.00
2800	0.001	0.001	0.001	0	2	28.045	1.069	1.565	-31.91	-280.32	0.00	-11.62
2900	0.001	0.001	0.001	0	2	65.019	1.246	1.674	-32.82	-280.43	0.00	-11.10
3000	0.000	0.000	0.000	0	0	0.000	1.636	1.165	-33.82	-278.80	0.00	0.00
3100	0.000	0.000	0.000	0	0	0.000	1.334	0.691	-32.69	-278.80	0.00	-13.84
3200	0.000	0.000	0.000	0	0	0.000	1.281	0.691	-32.60	-278.80	-0.00	0.00
3300	0.000	0.000	0.000	0	1	65.830	1.135	1.030	-30.41	-279.68	0.81	0.00
3400	0.000	0.000	0.000	0	2	26.772	0.925	0.926	-31.83	-280.32	-0.72	0.00
3500	0.000	0.000	0.000	0	2	15.481	1.057	0.850	-30.21	-280.28	-0.01	0.26
3600	0.000	0.000	0.000	0	0	0.000	0.975	1.126	-33.46	-278.80	0.00	-17.08
3700	0.000	0.000	0.000	0	2	13.424	0.938	1.167	-31.85	-280.28	0.00	-17.40
3800	0.000	0.000	0.000	0	1	31.072	0.953	0.779	-31.43	-279.61	0.78	0.00
3900	0.000	0.000	0.000	0	1	38.053	1.328	0.502	-34.96	-279.62	0.00	-19.70
4000	0.000	0.000	0.000	0	0	0.000	1.471	0.787	-32.94	-278.80	0.00	0.00
4100	0.000	0.000	0.000	0	0	0.000	1.293	0.766	-32.41	-278.80	-0.00	0.00
4200	0.000	0.000	0.000	0	0	0.000	1.390	1.087	-32.57	-278.80	0.81	0.00
4300	0.000	0.000	0.000	0	0	0.000	1.834	1.793	-36.93	-278.80	0.00	-27.24
4400	0.000	0.000	0.000	0	1	59.788	1.516	1.021	-34.78	-279.66	-0.81	0.00
4500	0.000	0.000	0.000	0	0	0.000	1.194	1.447	-33.83	-278.80	0.00	0.00
4600	0.000	0.000	0.000	0	0	0.000	1.441	1.035	-32.71	-278.80	0.00	0.00
4700	0.000	0.000	0.000	0	0	0.000	1.268	1.035	-32.20	-278.80	-0.00	0.00
4800	0.000	0.000	0.000	0	0	0.000	1.498	0.934	-32.94	-278.80	0.00	-37.67
4900	0.000	0.000	0.000	0	1	55.339	1.448	1.256	-31.97	-279.65	0.00	0.00
5000	0.000	0.000	0.000	0	0	0.000	1.137	1.255	-32.89	-278.80	0.00	0.00
5100	0.000	0.000	0.000	0	0	0.000	1.501	1.284	-33.44	-278.80	0.00	-44.49
5200	0.000	0.000	0.000	0	0	0.000	1.360	1.215	-32.75	-278.80	0.00	-47.10
5300	0.000	0.000	0.000	0	0	0.000	1.168	1.215	-32.64	-278.80	0.00	0.00
5400	0.000	0.000	0.000	0	0	0.000	1.198	1.092	-32.25	-278.80	0.00	0.00
5500	0.000	0.000	0.000	0	0	0.000	2.229	1.430	-37.79	-278.80	0.00	0.00
5600	0.000	0.000	0.000	0	0	0.000	1.872	0.999	-35.07	-278.80	0.00	0.00
5700	0.000	0.000	0.000	0	0	0.000	1.452	0.728	-32.97	-278.80	0.00	0.00
5800	0.000	0.000	0.000	0	1	468.528	1.485	1.118	-33.18	-280.48	-0.22	0.26
5900	0.000	0.000	0.000	0	1	480.792	1.246	0.741	-33.91	-280.51	-1.23	0.00
6000	0.000	0.000	0.000	0	2	647.316	1.259	1.193	-34.51	-282.18	0.00	0.00
6100	0.000	0.000	0.000	0	0	0.000	1.292	0.778	-32.39	-278.80	0.00	0.00
6200	0.000	0.000	0.000	0	0	0.000	1.108	0.730	-32.66	-278.80	0.00	-48.84
6300	0.000	0.000	0.000	0	0	0.000	1.339	1.020	-32.34	-278.80	-0.00	0.18
6400	0.000	0.000	0.000	0	0	0.000	1.466	0.917	-32.79	-278.80	0.00	-52.74
6500	0.000	0.000	0.000	0	0	0.000	1.391	0.973	-32.49	-278.80	0.00	-57.06
6600	0.000	0.000	0.000	0	0	0.000	1.638	0.487	-34.47	-278.80	0.00	0.00
6700	0.000	0.000	0.000	0	0	0.000	1.600	0.545	-34.10	-278.80	0.00	0.00
6800	0.000	0.000	0.000	0	0	0.000	1.429	1.277	-33.15	-278.80	-1.20	0.00
6900	0.000	0.000	0.000	0	0	0.000	1.317	1.286	-32.90	-278.80	0.00	0.00
7000	0.000	0.000	0.000	0	1	317.215	1.147	1.065	-32.81	-280.18	-1.07	0.00
7100	0.000	0.000	0.000	0	0	0.000	1.614	0.619	-33.95	-278.80	0.00	0.00
7200	0.000	0.000	0.000	0	0	0.000	0.971	0.944	-33.19	-278.80	0.00	0.00
7300	0.000	0.000	0.000	0	0	0.000	1.271	0.910	-32.18	-278.80	-0.96	0.00
7400	0.000	0.000	0.000	0	0	0.000	1.271	0.910	-32.18	-278.80	-0.96	0.00
7500	0.000	0.000	0.000	0	0	0.000	1.091	0.910	-32.34	-278.80	0.95	0.00
7600	0.000	0.000	0.000	0	2	222.587	1.108	1.074	-33.58	-280.90	0.00	0.00
7700	0.000	0.000	0.000	0	0	0.000	1.228	1.471	-33.90	-278.80	0.00	-62.80
7800	0.000	0.000	0.000	0	0	0.000	1.338	1.337	-33.14	-278.80	-0.89	0.00
7900	0.000	0.000	0.000	0	1	221.240	1.043	1.261	-32.30	-279.99	0.00	-62.66
8000	0.000	0.000	0.000	0	1	177.463	1.187	1.261	-30.90	-279.90	0.00	0.00
8100	0.000	0.000	0.000	0	1	153.158	1.426	1.000	-34.19	-279.85	0.00	-63.14
8200	0.000	0.000	0.000	0	0	0.000	1.333	1.032	-32.33	-278.80	0.00	0.00
8300	0.000	0.000	0.000	0	0	0.000	1.238	0.618	-32.85	-278.80	0.00	-63.58
8400	0.000	0.000	0.000	0	0	0.000	0.835	0.958	-35.61	-278.80	0.00	-0.31
8500	0.000	0.000	0.000	0	0	0.000	1.281	1.036	-32.22	-278.80	0.00	0.00
8600	0.000	0.000	0.000	0	0	0.000	1.605	1.178	-33.67	-278.80	0.00	-62.93
8700	0.000	0.000	0.000	0	0	0.000	1.329	1.118	-32.44	-278.80	0.00	-62.57
8800	0.000	0.000	0.000	0	0	0.000	1.335	1.501	-34.00	-278.80	0.00	0.00
8900	0.000	0.000	0.000	0	1	109.090	1.125	1.651	-34.72	-279.76	0.04	-0.16
9000	0.000	0.000	0.000	0	0	0.000	1.285	1.476	-33.85	-278.80	0.00	-69.72
9100	0.000	0.000	0.000	0	0	0.000	1.403	0.596	-33.18	-278.80	0.00	-72.30
9200	0.000	0.000	0.000	0	1	72.484	1.359	0.327	-34.10	-279.69	0.00	-73.07
9300	0.000	0.000	0.000	0	0	0.000	1.778	0.689	-34.70	-278.80	0.00	-73.75
9400	0.000	0.000	0.000	0	0	0.000	1.475	1.015	-32.84	-278.80	0.00	-76.90
9500	0.000	0.000	0.000	0	0	0.000	1.325	0.879	-32.31	-278.80	0.00	-76.68
9600	0.000	0.000	0.000	0	0	0.000	1.594	1.238	-33.74	-278.80	-0.81	0.00
9700	0.000	0.000	0.000	0	0	0.000	1.186	1.102	-32.27	-278.80	0.00	0.00
9800	0.000	0.000	0.000	0	0	0.000	2.192	0.601	-37.35	-278.80	0.00	-81.65
9900	0.000	0.000	0.000	0	0	0.000	1.301	1.318	-33.01	-278.80	0.00	-80.91
10000	0.000	0.000	0.000	0	0	0.000	1.301	0.946	-32.22	-278.80	0.00	0.00
10100	0.000	0.000	0.000	0	0	0.000	1.219	1.515	-34.24	-278.80	0.00	0.00
10200	0.000	0.000	0.000	0	0	0.000	1.501	1.111	-33.06	-278.80	0.00	0.00
10300	0.000	0.000	0.000	0	0	0.000	1.545	1.111	-33.27	-278.80	0.00	0.00
10400	0.000	0.000	0.000	0	0	0.000	1.356	0.842	-32.43	-278.80	0.00	0.00
10500	0.000	0.000	0.000	0	1	174.117	1.058	0.638	-33.47	-279.89	-0.11	0.36
10600	0.000	0.000	0.000	0	0	0.000	1.163	0.925	-32.14	-278.80	0.00	0.00
10700	0.000	0.000	0.000	0	1	174.911	1.121	0.982	-33.46	-279.89	0.00	0.00
10800	0.000	0.000	0.000	0	0	0.000	1.067	1.203	-32.98	-278.80	0.00	-95.68
10900	0.000	0.000	0.000	0	1	198.575	1.067	1.170	-30.53	-279.94	0.00	-97.61
11000	0.000	0.000	0.000	0	0	0.000	1.599	1.064	-33.49	-278.80	0.00	0.00
11100	0.000	0.000	0.000	0	0	0.000	1.109	0.892	-32.29	-278.80	0.00	0.00
11200	0.000	0.000	0.000	0	0	0.000	1.348	0.849	-32.40	-278.80	0.00	-101.91
11300	0.000	0.000	0.000	0	0	0.000	1.295	1.122	-32.38	-278.80	0.00	0.00
11400	0.000	0.000	0.000	0	0	0.000	1.120	0.980	-32.23	-278.80	0.00	-102.23
11500	0.000	0.000	0.000	0	1	265.509	1.087	1.378	-32.57	-280.07	0.00	0.00
11600	0.000	0.000	0.000	0	3	138.856	1.099	1.368	-29.60	-281.20	0.00	0.00
11700	0.000	0.000	0.000	0	1	105.856	1.181	0.944	-33.75	-279.76	-0.80	0.00
11800	0.000	0.000	0.000	0	0	0.000	1.178	0.890	-32.15	-278.80	0.00	0.00
11900	0.000	0.000	0.000	0	0	0.000	1.398	0.792	-32.64	-278.80	-0.82	0.00
12000	0.000	0.000	0.000	0	2	69.502	0.944	1.165	-32.19	-280.45	0.00	0.00
12100	0.000	0.000	0.000	0	0	0.000	1.115	1.252	-32.96	-278.80	0.00	0.00
12200	0.000	0.000	0.000	0	0	0.000	1.680	1.729	-36.04	-278.80	0.00	-120.08
12300	0.000	0.000	0.000	0	2	17.368	1.436	0.718	-34.37	-280.29	-0.71	0.00
12400	0.000	0.000	0.000	0	1	12.230	1.371	1.022	-31.31	-279.57	0.00	0.00
12500	0.000	0.000	0.000	0	3	8.334	0.954	1.438	-29.59	-280.68	0.00	-123.68
12600	0.000	0.000	0.000	0	1	12.266	0.954	1.404	-34.12	-279.57	0.00	0.00
12700	0.000	0.000	0.000	0	0	0.000	1.386	1.557	-34.37	-278.80	0.00	0.00
12800	0.000	0.000	0.000	0	0	0.000	1.345	1.342	-33.17	-278.80	-0.00	0.00
12900	0.000	0.000	0.000	0	0	0.000	1.256	1.470	-33.84	-278.80	0.77	0.00
13000	0.000	0.000	0.000	0	1	24.028	1.256	1.470	-33.02	-279.59	0.00	0.00
13100	0.000	0.000	0.000	0	0	0.000	1.203	1.121	-32.31	-278.80	0.00	-133.44
13200	0.000	0.000	0.000	0	0	0.000	1.352	1.121	-32.51	-278.80	0.00	0.00
13300	0.000	0.000	0.000	0	0	0.000	1.302	0.838	-32.30	-278.80	0.00	0.00
13400	0.000	0.000	0.000	0	1	70.492	1.406	0.688	-32.78	-279.68	0.00	0.00
13500	0.000	0.000	0.000	0	1	69.767	1.208	1.075	-31.35	-279.68	-0.76	0.00
13600	0.000	0.000	0.000	0	0	0.000	1.184	1.075	-32.22	-278.80	-0.82	0.00
13700	0.000	0.000	0.000	0	0	0.000	1.245	0.784	-32.31	-278.80	0.00	0.00
13800	0.000	0.000	0.000	0	0	0.000	1.192	1.205	-32.56	-278.80	0.00	0.00
13900	0.000	0.000	0.000	0	0	0.000	1.787	0.395	-35.51	-278.80	0.00	0.00
14000	0.000	0.000	0.000	0	0	0.000	1.515	0.395	-34.37	-278.80	0.00	0.00
14100	0.000	0.000	0.000	0	1	99.215	1.247	0.773	-33.54	-279.74	0.00	-142.16
14200	0.000	0.000	0.000	0	0	0.000	1.218	0.975	-32.12	-278.80	0.00	0.00
14300	0.000	0.000	0.000	0	1	80.888	1.120	0.939	-32.45	-279.71	0.00	0.00
14400	0.000	0.000	0.000	0	1	84.540	1.657	1.353	-35.55	-279.71	0.00	0.00
14500	0.000	0.000	0.000	0	0	0.000	1.243	1.617	-34.99	-278.80	0.00	-147.25
14600	0.000	0.000	0.000	0	0	0.000	1.415	1.361	-33.41	-278.80	0.00	0.00
14700	0.000	0.000	0.000	0	0	0.000	1.237	1.461	-33.82	-278.80	0.00	0.00
14800	0.000	0.000	0.000	0	0	0.000	1.456	1.081	-32.82	-278.80	0.00	0.00
14900	0.000	0.000	0.000	0	0	0.000	1.283	1.195	-32.54	-278.80	0.00	-158.47
15000	0.000	0.000	0.000	0	0	0.000	1.562	1.195	-33.49	-278.80	0.00	0.00
15100	0.000	0.000	0.000	0	0	0.000	1.397	0.983	-32.51	-278.80	0.00	0.00
15200	0.000	0.000	0.000	0	0	0.000	1.167	0.661	-32.75	-278.80	-1.22	0.00
15300	0.000	0.000	0.000	0	0	0.000	0.968	1.010	-33.26	-278.80	0.00	0.00
15400	0.000	0.000	0.000	0	0	0.000	1.441	1.442	-33.83	-278.80	-1.46	0.00
15500	0.000	0.000	0.000	0	0	0.000	1.296	1.442	-33.64	-278.80	0.00	0.00
15600	0.000	0.000	0.000	0	0	0.000	1.602	1.276	-33.87	-278.80	0.00	0.00
15700	0.000	0.000	0.000	0	0	0.000	1.272	1.137	-32.38	-278.80	0.00	0.00
15800	0.000	0.000	0.000	0	0	0.000	1.049	1.048	-32.62	-278.80	-1.46	0.00
15900	0.000	0.000	0.000	0	0	0.000	1.204	1.073	-32.21	-278.80	0.00	0.00
16000	0.000	0.000	0.000	0	0	0.000	1.325	1.254	-32.80	-278.80	0.00	-0.35
16100	0.000	0.000	0.000	0	0	0.000	1.041	0.859	-32.66	-278.80	0.00	0.00
16200	0.000	0.000	0.000	0	0	0.000	1.119	1.100	-32.40	-278.80	-1.49	0.00
16300	0.000	0.000	0.000	0	0	0.000	1.385	1.315	-33.15	-278.80	0.00	-176.88
16400	0.000	0.000	0.000	0	0	0.000	1.519	0.806	-33.13	-278.80	0.00	-175.91
16500	0.000	0.000	0.000	0	0	0.000	1.386	0.806	-32.58	-278.80	-1.60	0.00
16600	0.000	0.000	0.000	0	0	0.000	1.094	0.673	-32.96	-278.80	0.00	0.00
16700	0.000	0.000	0.000	0	0	0.000	1.317	0.809	-32.38	-278.80	0.00	-181.70
16800	0.000	0.000	0.000	0	0	0.000	0.909	0.819	-34.25	-278.80	0.00	0.00
16900	0.000	0.000	0.000	0	0	0.000	1.208	0.755	-32.38	-278.80	0.00	-186.20
17000	0.000	0.000	0.000	0	0	0.000	1.267	1.094	-32.28	-278.80	0.00	0.00
17100	0.000	0.000	0.000	0	0	0.000	1.006	0.792	-33.10	-278.80	0.00	-188.79
17200	0.000	0.000	0.000	0	0	0.000	1.372	0.880	-32.45	-278.80	0.00	-190.52
17300	0.000	0.000	0.000	0	0	0.000	1.336	1.253	-32.81	-278.80	0.00	-191.10
17400	0.000	0.000	0.000	0	0	0.000	1.578	0.857	-33.37	-278.80	0.00	0.00
17500	0.000	0.000	0.000	0	0	0.000	1.585	1.188	-33.59	-278.80	0.00	-192.95
17600	0.000	0.000	0.000	0	0	0.000	1.275	1.172	-32.47	-278.80	0.00	-193.96
17700	0.000	0.000	0.000	0	0	0.000	1.211	0.574	-33.09	-278.80	0.00	-194.32
17800	0.000	0.000	0.000	0	0	0.000	1.212	0.533	-33.31	-278.80	-1.53	0.00
17900	0.000	0.000	0.000	0	0	0.000	1.212	0.738	-32.42	-278.80	-1.53	0.00
18000	0.000	0.000	0.000	0	0	0.000	1.158	0.868	-32.19	-278.80	0.00	-194.16
18100	0.000	0.000	0.000	0	0	0.000	0.998	1.001	-32.94	-278.80	0.00	0.00
18200	0.000	0.000	0.000	0	0	0.000	1.081	0.817	-32.52	-278.80	0.00	-196.65
18300	0.000	0.000	0.000	0	0	0.000	1.022	0.866	-32.79	-278.80	0.00	0.00
18400	0.000	0.000	0.000	0	0	0.000	1.058	0.866	-32.55	-278.80	0.00	0.00
18500	0.000	0.000	0.000	0	0	0.000	1.385	0.443	-33.82	-278.80	0.00	0.00
18600	0.000	0.000	0.000	0	1	787.515	1.013	0.694	-35.74	-281.12	-1.54	0.00
18700	0.000	0.000	0.000	0	0	0.000	1.193	1.057	-32.19	-278.80	0.00	-211.77
18800	0.000	0.000	0.000	0	0	0.000	1.592	0.703	-33.65	-278.80	0.00	-213.26
18900	0.000	0.000	0.000	0	2	1116.760	1.130	1.136	-34.34	-283.59	-0.00	0.00
19000	0.000	0.000	0.000	0	0	0.000	1.257	1.177	-32.46	-278.80	-2.35	0.00
19100	0.000	0.000	0.000	0	0	0.000	2.302	1.155	-37.87	-278.80	-0.00	0.18
19200	0.000	0.000	0.000	0	0	0.000	2.314	1.229	-38.01	-278.80	0.00	-218.06
19300	0.000	0.000	0.000	0	0	0.000	1.286	0.448	-33.73	-278.80	0.00	-219.69
19400	0.000	0.000	0.000	0	0	0.000	1.279	0.448	-33.73	-278.80	0.00	0.00
19500	0.000	0.000	0.000	0	0	0.000	1.239	0.974	-32.13	-278.80	0.00	0.00
19600	0.000	0.000	0.000	0	0	0.000	1.319	1.343	-33.14	-278.80	0.00	0.00
19700	0.000	0.000	0.000	0	0	0.000	1.393	1.423	-33.63	-278.80	0.00	0.00
19800	0.000	0.000	0.000	0	0	0.000	1.198	0.938	-32.11	-278.80	0.00	0.00
19900	0.000	0.000	0.000	0	0	0.000	1.303	1.204	-32.60	-278.80	0.00	0.00
20000	0.000	0.000	0.000	0	0	0.000	1.396	1.319	-33.19	-278.80	0.00	0.00
20100	0.000	0.000	0.000	0	0	0.000	1.585	0.560	-33.98	-278.80	0.00	0.00
20200	0.000	0.000	0.000	0	0	0.000	1.163	1.124	-32.35	-278.80	0.00	0.00
20300	0.000	0.000	0.000	0	0	0.000	1.474	1.124	-32.96	-278.80	-2.35	0.00
20400	0.000	0.000	0.000	0	0	0.000	1.199	0.641	-32.79	-278.80	0.00	0.00
20500	0.000	0.000	0.000	0	0	0.000	1.119	0.805	-32.40	-278.80	0.00	-230.10
20600	0.000	0.000	0.000	0	0	0.000	1.351	0.677	-32.77	-278.80	0.00	-231.64
20700	0.000	0.000	0.000	0	0	0.000	1.233	0.378	-34.29	-278.80	0.00	-236.25
20800	0.000	0.000	0.000	0	0	0.000	1.329	0.738	-32.55	-278.80	0.00	0.00
20900	0.000	0.000	0.000	0	0	0.000	1.273	0.283	-34.93	-278.80	-2.35	0.00
21000	0.000	0.000	0.000	0	0	0.000	1.251	0.691	-32.57	-278.80	-2.35	0.00
21100	0.000	0.000	0.000	0	0	0.000	1.278	1.390	-33.35	-278.80	0.00	0.00
21200	0.000	0.000	0.000	0	0	0.000	0.982	0.956	-33.08	-278.80	0.00	0.00
21300	0.000	0.000	0.000	0	0	0.000	1.376	1.057	-32.49	-278.80	0.00	-246.96
21400	0.000	0.000	0.000	0	0	0.000	0.962	1.144	-33.69	-278.80	0.00	0.00
21500	0.000	0.000	0.000	0	0	0.000	1.032	0.821	-32.81	-278.80	0.00	0.00
21600	0.000	0.000	0.000	0	0	0.000	1.196	0.821	-32.23	-278.80	-2.82	0.00
21700	0.000	0.000	0.000	0	0	0.000	1.340	1.093	-32.43	-278.80	-0.00	0.00
21800	0.000	0.000	0.000	0	0	0.000	1.571	1.093	-33.38	-278.80	0.00	0.00
21900	0.000	0.000	0.000	0	0	0.000	1.458	0.551	-33.51	-278.80	-2.82	0.00
22000	0.000	0.000	0.000	0	0	0.000	1.218	0.669	-32.65	-278.80	0.00	0.00
22100	0.000	0.000	0.000	0	0	0.000	1.123	1.023	-32.25	-278.80	0.00	0.00
22200	0.000	0.000	0.000	0	0	0.000	1.130	1.319	-33.25	-278.80	0.00	0.00
22300	0.000	0.000	0.000	0	0	0.000	1.289	1.300	-32.93	-278.80	0.00	0.00
22400	0.000	0.000	0.000	0	0	0.000	1.033	0.962	-32.63	-278.80	0.00	-267.60
22500	0.000	0.000	0.000	0	0	0.000	1.186	0.968	-32.12	-278.80	0.00	0.00
22600	0.000	0.000	0.000	0	0	0.000	1.261	0.676	-32.63	-278.80	0.00	0.00
22700	0.000	0.000	0.000	0	0	0.000	1.521	0.516	-33.87	-278.80	0.00	0.00
22800	0.000	0.000	0.000	0	0	0.000	1.293	0.976	-32.21	-278.80	0.00	0.00
22900	0.000	0.000	0.000	0	0	0.000	1.216	1.145	-32.36	-278.80	0.00	0.00
23000	0.000	0.000	0.000	0	0	0.000	1.460	0.905	-32.77	-278.80	0.00	0.00
23100	0.000	0.000	0.000	0	0	0.000	1.415	1.287	-33.13	-278.80	0.00	0.00
23200	0.000	0.000	0.000	0	0	0.000	1.420	1.094	-32.69	-278.80	0.00	-274.97
23300	0.000	0.000	0.000	0	0	0.000	1.420	1.331	-33.30	-278.80	0.00	-274.55
23400	0.000	0.000	0.000	0	0	0.000	1.302	1.344	-33.13	-278.80	-2.82	0.00
23500	0.000	0.000	0.000	0	0	0.000	1.481	0.978	-32.86	-278.80	0.00	-276.00
23600	0.000	0.000	0.000	0	0	0.000	1.219	1.125	-32.31	-278.80	0.00	-280.28
23700	0.000	0.000	0.000	0	0	0.000	1.096	0.466	-34.27	-278.80	0.00	0.00
23800	0.000	0.000	0.000	0	0	0.000	1.324	0.740	-32.53	-278.80	-2.82	0.00
23900	0.000	0.000	0.000	0	0	0.000	1.605	0.377	-34.76	-278.80	0.00	-277.10
24000	0.000	0.000	0.000	0	0	0.000	1.789	0.597	-34.94	-278.80	0.00	-275.67
24100	0.000	0.000	0.000	0	0	0.000	1.225	0.476	-33.62	-278.80	0.00	0.00
24200	0.000	0.000	0.000	0	0	0.000	1.225	0.576	-33.06	-278.80	-2.82	0.00
24300	0.000	0.000	0.000	0	0	0.000	1.382	0.724	-32.72	-278.80	0.00	0.00
24400	0.000	0.000	0.000	0	0	0.000	1.382	0.812	-32.55	-278.80	-2.82	0.00
24500	0.000	0.000	0.000	0	0	0.000	1.077	0.997	-32.40	-278.80	-0.00	0.00
24600	0.000	0.000	0.000	0	0	0.000	1.281	0.977	-32.19	-278.80	-2.82	0.00
24700	0.000	0.000	0.000	0	0	0.000	1.187	1.090	-32.25	-278.80	0.00	-287.27
24800	0.000	0.000	0.000	0	0	0.000	1.069	1.212	-33.01	-278.80	0.00	-286.99
24900	0.000	0.000	0.000	0	0	0.000	1.187	1.019	-32.15	-278.80	0.00	0.00
25000	0.000	0.000	0.000	0	0	0.000	1.531	1.240	-33.45	-278.80	0.00	0.00
25100	0.000	0.000	0.000	0	0	0.000	1.348	0.989	-32.35	-278.80	-2.82	0.00
25200	0.000	0.000	0.000	0	0	0.000	1.131	0.914	-32.20	-278.80	0.00	-292.81
25300	0.000	0.000	0.000	0	0	0.000	1.187	0.914	-32.12	-278.80	0.00	-296.82
25400	0.000	0.000	0.000	0	0	0.000	1.343	0.566	-33.16	-278.80	-2.82	0.00
25500	0.000	0.000	0.000	0	0	0.000	1.364	1.021	-32.42	-278.80	0.00	0.00
25600	0.000	0.000	0.000	0	0	0.000	1.110	0.780	-32.49	-278.80	0.00	0.00
25700	0.000	0.000	0.000	0	0	0.000	1.407	1.217	-32.90	-278.80	0.00	-300.04
25800	0.000	0.000	0.000	0	0	0.000	1.402	0.740	-32.75	-278.80	0.00	-304.13
25900	0.000	0.000	0.000	0	0	0.000	1.132	0.994	-32.20	-278.80	0.00	-305.16
26000	0.000	0.000	0.000	0	0	0.000	1.119	1.077	-32.35	-278.80	0.00	-0.08
26100	0.000	0.000	0.000	0	0	0.000	1.337	0.950	-32.31	-278.80	0.00	0.00
26200	0.000	0.000	0.000	0	0	0.000	1.019	1.148	-33.11	-278.80	0.00	0.00
26300	0.000	0.000	0.000	0	0	0.000	1.146	0.748	-32.48	-278.80	0.00	-309.93
26400	0.000	0.000	0.000	0	0	0.000	1.211	1.076	-32.21	-278.80	0.00	-310.11
26500	0.000	0.000	0.000	0	0	0.000	1.292	1.362	-33.21	-278.80	0.00	-311.35
26600	0.000	0.000	0.000	0	0	0.000	1.547	1.547	-34.65	-278.80	-0.00	0.00
26700	0.000	0.000	0.000	0	0	0.000	1.506	1.030	-33.00	-278.80	0.00	0.00
26800	0.000	0.000	0.000	0	0	0.000	1.490	0.541	-33.66	-278.80	0.00	0.00
26900	0.000	0.000	0.000	0	1	2133.949	1.283	0.762	-34.38	-283.81	0.00	-317.24
27000	0.000	0.000	0.000	0	0	0.000	1.716	0.414	-35.10	-278.80	0.00	-0.29
27100	0.000	0.000	0.000	0	0	0.000	1.140	0.660	-32.83	-278.80	0.00	0.00
27200	0.000	0.000	0.000	0	0	0.000	1.116	1.449	-34.21	-278.80	0.00	0.00
27300	0.000	0.000	0.000	0	0	0.000	1.520	1.012	-33.05	-278.80	0.00	0.00
27400	0.000	0.000	0.000	0	0	0.000	1.022	1.358	-34.29	-278.80	0.00	-324.57
27500	0.000	0.000	0.000	0	0	0.000	0.907	0.919	-34.09	-278.80	0.00	0.00
27600	0.000	0.000	0.000	0	0	0.000	1.619	1.273	-33.95	-278.80	-4.03	0.00
27700	0.000	0.000	0.000	0	0	0.000	1.716	0.991	-34.11	-278.80	0.00	0.00
27800	0.000	0.000	0.000	0	0	0.000	1.644	0.904	-33.71	-278.80	0.00	0.00
27900	0.000	0.000	0.000	0	0	0.000	1.198	0.617	-32.89	-278.80	0.00	-322.81
28000	0.000	0.000	0.000	0	0	0.000	1.260	0.617	-32.86	-278.80	-4.03	0.00
28100	0.000	0.000	0.000	0	0	0.000	1.120	0.392	-34.73	-278.80	0.00	0.00
28200	0.000	0.000	0.000	0	0	0.000	1.631	0.392	-34.80	-278.80	0.00	-327.70
28300	0.000	0.000	0.000	0	0	0.000	1.420	0.954	-32.59	-278.80	-4.03	0.00
28400	0.000	0.000	0.000	0	0	0.000	0.971	0.907	-33.22	-278.80	0.00	0.00
28500	0.000	0.000	0.000	0	0	0.000	1.449	0.760	-32.89	-278.80	-4.03	0.00
28600	0.000	0.000	0.000	0	0	0.000	1.217	1.573	-34.71	-278.80	0.00	0.00
28700	0.000	0.000	0.000	0	0	0.000	1.033	1.597	-36.54	-278.80	-4.03	0.00
28800	0.000	0.000	0.000	0	0	0.000	1.650	1.383	-34.41	-278.80	0.00	-335.30
28900	0.000	0.000	0.000	0	0	0.000	1.057	0.830	-32.62	-278.80	0.00	-335.46
29000	0.000	0.000	0.000	0	0	0.000	1.148	0.901	-32.18	-278.80	0.00	0.00
29100	0.000	0.000	0.000	0	0	0.000	1.498	0.506	-33.82	-278.80	-4.03	0.00
29200	0.000	0.000	0.000	0	0	0.000	1.584	0.810	-33.45	-278.80	0.00	-341.26
29300	0.000	0.000	0.000	0	0	0.000	1.073	1.107	-32.61	-278.80	0.00	0.00
29400	0.000	0.000	0.000	0	0	0.000	1.342	1.107	-32.46	-278.80	0.00	0.00
29500	0.000	0.000	0.000	0	0	0.000	1.111	1.266	-33.05	-278.80	0.00	-342.70
29600	0.000	0.000	0.000	0	0	0.000	1.111	1.212	-32.79	-278.80	0.00	-344.63
29700	0.000	0.000	0.000	0	0	0.000	1.134	0.851	-32.27	-278.80	-4.03	0.00
29800	0.000	0.000	0.000	0	0	0.000	0.995	0.543	-34.64	-278.80	0.00	0.00
29900	0.000	0.000	0.000	0	0	0.000	0.995	0.543	-34.64	-278.80	0.00	0.00
30000	0.000	0.000	0.000	0	0	0.000	1.806	1.175	-34.81	-278.80	0.00	0.00
30100	0.000	0.000	0.000	0	0	0.000	1.877	1.293	-35.42	-278.80	0.00	-352.25
30200	0.000	0.000	0.000	0	0	0.000	1.324	0.814	-32.39	-278.80	0.00	0.00
30300	0.000	0.000	0.000	0	0	0.000	1.286	0.731	-32.49	-278.80	-0.00	0.00
30400	0.000	0.000	0.000	0	0	0.000	1.292	0.573	-33.07	-278.80	0.00	0.00
30500	0.000	0.000	0.000	0	0	0.000	1.162	0.739	-32.47	-278.80	0.00	0.00
30600	0.000	0.000	0.000	0	0	0.000	1.257	1.208	-32.56	-278.80	0.00	-355.29
30700	0.000	0.000	0.000	0	0	0.000	1.211	0.637	-32.79	-278.80	-4.03	0.00
30800	0.000	0.000	0.000	0	0	0.000	1.680	0.818	-33.97	-278.80	0.00	-356.06
30900	0.000	0.000	0.000	0	0	0.000	1.108	1.145	-32.56	-278.80	0.00	-355.99
31000	0.000	0.000	0.000	0	0	0.000	0.982	1.007	-33.10	-278.80	0.00	0.00
31100	0.000	0.000	0.000	0	0	0.000	1.570	1.315	-33.83	-278.80	0.00	0.00
31200	0.000	0.000	0.000	0	0	0.000	1.432	1.373	-33.50	-278.80	-4.03	0.00
31300	0.000	0.000	0.000	0	0	0.000	1.588	1.399	-34.18	-278.80	0.00	-358.12
31400	0.000	0.000	0.000	0	0	0.000	1.457	1.799	-36.12	-278.80	-4.03	0.00
31500	0.000	0.000	0.000	0	0	0.000	1.760	1.217	-34.60	-278.80	-4.03	0.00
31600	0.000	0.000	0.000	0	0	0.000	1.251	1.067	-32.22	-278.80	0.00	0.00
31700	0.000	0.000	0.000	0	0	0.000	1.244	0.919	-32.14	-278.80	0.00	-363.04
31800	0.000	0.000	0.000	0	0	0.000	1.212	1.013	-32.14	-278.80	0.00	0.00
31900	0.000	0.000	0.000	0	0	0.000	1.250	0.959	-32.14	-278.80	0.00	0.00
32000	0.000	0.000	0.000	0	0	0.000	1.268	1.041	-32.21	-278.80	0.00	0.00
32100	0.000	0.000	0.000	0	0	0.000	1.138	1.161	-32.51	-278.80	0.00	0.00
32200	0.000	0.000	0.000	0	0	0.000	1.192	1.099	-32.26	-278.80	0.00	0.00
32300	0.000	0.000	0.000	0	0	0.000	1.671	0.423	-34.85	-278.80	0.00	0.00
32400	0.000	0.000	0.000	0	0	0.000	1.335	1.247	-32.79	-278.80	0.00	0.00
32500	0.000	0.000	0.000	0	0	0.000	1.085	1.083	-32.49	-278.80	-4.03	0.00
32600	0.000	0.000	0.000	0	0	0.000	1.772	0.659	-34.72	-278.80	0.00	-369.54
32700	0.000	0.000	0.000	0	0	0.000	1.026	0.997	-32.71	-278.80	0.00	0.00
32800	0.000	0.000	0.000	0	0	0.000	1.046	1.059	-32.66	-278.80	0.00	0.00
32900	0.000	0.000	0.000	0	0	0.000	1.260	1.073	-32.24	-278.80	0.00	0.00
33000	0.000	0.000	0.000	0	0	0.000	1.029	0.889	-32.70	-278.80	0.00	0.00
33100	0.000	0.000	0.000	0	0	0.000	1.375	1.104	-32.55	-278.80	0.00	-375.76
33200	0.000	0.000	0.000	0	0	0.000	1.292	0.538	-33.23	-278.80	0.00	-0.31
33300	0.000	0.000	0.000	0	0	0.000	1.313	0.538	-33.24	-278.80	0.00	0.00
33400	0.000	0.000	0.000	0	0	0.000	1.358	0.519	-33.39	-278.80	0.00	0.00
33500	0.000	0.000	0.000	0	0	0.000	1.490	0.431	-34.12	-278.80	0.00	0.00
33600	0.000	0.000	0.000	0	0	0.000	1.477	0.855	-32.88	-278.80	-0.00	0.00
33700	0.000	0.000	0.000	0	0	0.000	1.242	0.821	-32.24	-278.80	0.00	0.00
33800	0.000	0.000	0.000	0	0	0.000	1.127	0.689	-32.75	-278.80	-0.00	0.44
33900	0.000	0.000	0.000	0	0	0.000	1.189	0.689	-32.60	-278.80	0.00	-384.31
34000	0.000	0.000	0.000	0	0	0.000	1.212	1.193	-32.50	-278.80	0.00	-386.10
34100	0.000	0.000	0.000	0	0	0.000	1.525	1.193	-33.31	-278.80	0.00	0.00
34200	0.000	0.000	0.000	0	0	0.000	1.180	1.321	-33.09	-278.80	0.00	0.00
34300	0.000	0.000	0.000	0	0	0.000	0.901	0.860	-34.29	-278.80	-4.03	0.00
34400	0.000	0.000	0.000	0	0	0.000	1.326	0.678	-32.71	-278.80	-4.03	0.00
34500	0.000	0.000	0.000	0	0	0.000	1.434	0.659	-33.07	-278.80	0.00	-390.98
34600	0.000	0.000	0.000	0	0	0.000	1.257	1.154	-32.40	-278.80	0.00	0.00
34700	0.000	0.000	0.000	0	0	0.000	1.582	1.189	-33.58	-278.80	0.00	0.00
34800	0.000	0.000	0.000	0	0	0.000	1.265	0.530	-33.27	-278.80	0.00	0.00
34900	0.000	0.000	0.000	0	0	0.000	1.727	0.359	-35.36	-278.80	0.00	0.00
35000	0.000	0.000	0.000	0	0	0.000	1.124	1.120	-32.43	-278.80	0.00	0.00
35100	0.000	0.000	0.000	0	0	0.000	1.527	1.127	-33.20	-278.80	0.00	0.00
35200	0.000	0.000	0.000	0	0	0.000	1.215	0.746	-32.40	-278.80	0.00	-398.45
35300	0.000	0.000	0.000	0	0	0.000	1.104	0.748	-32.62	-278.80	0.00	0.00
35400	0.000	0.000	0.000	0	0	0.000	1.209	0.640	-32.78	-278.80	0.00	0.00
35500	0.000	0.000	0.000	0	0	0.000	0.908	0.690	-34.89	-278.80	0.00	0.00
35600	0.000	0.000	0.000	0	0	0.000	1.279	1.102	-32.32	-278.80	-4.03	0.00
35700	0.000	0.000	0.000	0	0	0.000	1.427	0.782	-32.77	-278.80	-4.03	0.00
35800	0.000	0.000	0.000	0	0	0.000	0.992	1.295	-34.16	-278.80	0.00	-416.76
35900	0.000	0.000	0.000	0	0	0.000	1.210	1.138	-32.34	-278.80	0.00	-418.52
36000	0.000	0.000	0.000	0	0	0.000	1.253	0.887	-32.17	-278.80	0.00	0.00
36100	0.000	0.000	0.000	0	0	0.000	1.450	0.881	-32.74	-278.80	0.00	-424.42
36200	0.000	0.000	0.000	0	0	0.000	1.410	0.512	-33.53	-278.80	0.00	0.00
36300	0.000	0.000	0.000	0	0	0.000	1.515	0.496	-33.92	-278.80	-0.00	0.00
36400	0.000	0.000	0.000	0	0	0.000	1.463	0.496	-33.75	-278.80	0.00	-426.56
36500	0.000	0.000	0.000	0	0	0.000	1.278	0.481	-33.54	-278.80	0.00	-428.36
36600	0.000	0.000	0.000	0	0	0.000	1.272	0.976	-32.17	-278.80	0.00	0.00
36700	0.000	0.000	0.000	0	0	0.000	1.272	1.069	-32.25	-278.80	0.00	0.00
36800	0.000	0.000	0.000	0	1	3285.246	0.850	1.176	-32.49	-286.11	0.00	0.00
36900	0.000	0.000	0.000	0	0	0.000	1.270	0.969	-32.16	-278.80	0.00	0.00
37000	0.000	0.000	0.000	0	0	0.000	1.815	0.505	-35.32	-278.80	0.00	0.00
37100	0.000	0.000	0.000	0	0	0.000	1.325	0.582	-33.06	-278.80	0.00	0.00
37200	0.000	0.000	0.000	0	0	0.000	1.190	0.525	-33.40	-278.80	0.00	0.00
37300	0.000	0.000	0.000	0	0	0.000	1.466	0.843	-32.84	-278.80	0.00	0.00
37400	0.000	0.000	0.000	0	0	0.000	1.175	0.568	-33.19	-278.80	0.00	-439.36
37500	0.000	0.000	0.000	0	0	0.000	1.501	0.983	-32.95	-278.80	0.00	-443.55
37600	0.000	0.000	0.000	0	0	0.000	1.372	1.165	-32.66	-278.80	0.00	-444.72
37700	0.000	0.000	0.000	0	0	0.000	1.384	1.091	-32.56	-278.80	0.00	-444.77
37800	0.000	0.000	0.000	0	0	0.000	1.302	1.118	-32.39	-278.80	0.00	0.00
37900	0.000	0.000	0.000	0	0	0.000	1.155	0.716	-32.57	-278.80	0.00	-448.16
38000	0.000	0.000	0.000	0	0	0.000	1.698	0.544	-34.58	-278.80	0.00	-450.57
38100	0.000	0.000	0.000	0	0	0.000	1.307	0.916	-32.24	-278.80	0.00	-451.99
38200	0.000	0.000	0.000	0	0	0.000	1.243	0.643	-32.75	-278.80	0.00	0.00
38300	0.000	0.000	0.000	0	0	0.000	1.286	0.988	-32.20	-278.80	-5.66	0.00
38400	0.000	0.000	0.000	0	0	0.000	1.257	0.898	-32.16	-278.80	0.00	0.00
38500	0.000	0.000	0.000	0	0	0.000	1.257	0.702	-32.54	-278.80	0.00	-460.98
38600	0.000	0.000	0.000	0	0	0.000	1.410	1.108	-32.68	-278.80	0.00	0.00
38700	0.000	0.000	0.000	0	0	0.000	1.246	1.425	-33.57	-278.80	0.00	-462.30
38800	0.000	0.000	0.000	0	0	0.000	1.339	0.938	-32.32	-278.80	0.00	0.00
38900	0.000	0.000	0.000	0	0	0.000	1.214	0.815	-32.24	-278.80	0.00	0.00
39000	0.000	0.000	0.000	0	0	0.000	1.347	0.782	-32.50	-278.80	0.00	0.00
39100	0.000	0.000	0.000	0	0	0.000	1.405	1.272	-33.05	-278.80	0.00	-473.01
39200	0.000	0.000	0.000	0	0	0.000	1.914	1.714	-36.91	-278.80	-0.00	0.48
39300	0.000	0.000	0.000	0	0	0.000	1.701	1.714	-36.02	-278.80	0.00	-472.59
39400	0.000	0.000	0.000	0	0	0.000	1.140	1.255	-32.88	-278.80	0.00	-474.79
39500	0.000	0.000	0.000	0	0	0.000	1.138	1.058	-32.26	-278.80	0.00	-477.04
39600	0.000	0.000	0.000	0	0	0.000	1.027	1.039	-32.76	-278.80	0.00	-480.33
39700	0.000	0.000	0.000	0	0	0.000	1.240	0.505	-33.43	-278.80	0.00	-481.54
39800	0.000	0.000	0.000	0	0	0.000	1.608	0.375	-34.79	-278.80	0.00	-482.90
39900	0.000	0.000	0.000	0	0	0.000	1.603	1.215	-33.74	-278.80	0.00	-479.76
40000	0.000	0.000	0.000	0	0	0.000	1.908	1.266	-35.56	-278.80	0.00	-481.78
40100	0.000	0.000	0.000	0	0	0.000	1.681	1.435	-34.73	-278.80	0.00	-482.49
40200	0.000	0.000	0.000	0	0	0.000	1.668	1.307	-34.28	-278.80	0.00	-485.54
40300	0.000	0.000	0.000	0	0	0.000	1.809	1.533	-35.70	-278.80	-5.66	0.00
40400	0.000	0.000	0.000	0	0	0.000	1.565	1.366	-33.97	-278.80	0.00	0.00
40500	0.000	0.000	0.000	0	0	0.000	1.388	0.939	-32.47	-278.80	0.00	-493.17
40600	0.000	0.000	0.000	0	0	0.000	1.261	0.925	-32.15	-278.80	0.00	0.00
40700	0.000	0.000	0.000	0	0	0.000	1.097	1.146	-32.61	-278.80	0.00	-499.30
40800	0.000	0.000	0.000	0	0	0.000	1.632	1.287	-34.05	-278.80	0.00	-499.59
40900	0.000	0.000	0.000	0	0	0.000	1.118	0.898	-32.25	-278.80	0.00	0.00
41000	0.000	0.000	0.000	0	0	0.000	2.196	1.066	-37.15	-278.80	0.00	-501.68
41100	0.000	0.000	0.000	0	0	0.000	1.145	0.959	-32.16	-278.80	-5.66	0.00
41200	0.000	0.000	0.000	0	0	0.000	1.155	1.364	-33.41	-278.80	0.00	0.00
41300	0.000	0.000	0.000	0	0	0.000	0.989	0.889	-33.05	-278.80	-5.66	0.00
41400	0.000	0.000	0.000	0	0	0.000	1.507	0.879	-33.00	-278.80	0.00	0.00
41500	0.000	0.000	0.000	0	0	0.000	1.093	1.241	-33.01	-278.80	0.00	-508.02
41600	0.000	0.000	0.000	0	0	0.000	1.526	1.545	-34.58	-278.80	-5.66	0.00
41700	0.000	0.000	0.000	0	0	0.000	1.173	0.573	-33.17	-278.80	0.00	0.00
41800	0.000	0.000	0.000	0	0	0.000	1.364	1.542	-34.26	-278.80	-5.66	0.00
41900	0.000	0.000	0.000	0	0	0.000	2.300	1.222	-37.92	-278.80	-0.00	0.14
42000	0.000	0.000	0.000	0	0	0.000	1.491	1.028	-32.92	-278.80	0.00	-516.53
42100	0.000	0.000	0.000	0	0	0.000	1.646	0.705	-33.93	-278.80	0.00	-520.30
42200	0.000	0.000	0.000	0	0	0.000	1.356	0.860	-32.41	-278.80	0.00	0.00
42300	0.000	0.000	0.000	0	0	0.000	1.514	0.809	-33.10	-278.80	0.00	0.00
42400	0.000	0.000	0.000	0	0	0.000	1.079	0.520	-33.98	-278.80	0.00	-523.98
42500	0.000	0.000	0.000	0	0	0.000	1.457	0.892	-32.76	-278.80	0.00	-523.81
42600	0.000	0.000	0.000	0	0	0.000	0.973	0.892	-33.21	-278.80	0.00	0.00
42700	0.000	0.000	0.000	0	0	0.000	1.350	1.582	-34.52	-278.80	0.00	0.00
42800	0.000	0.000	0.000	0	0	0.000	1.739	1.146	-34.37	-278.80	0.00	0.00
42900	0.000	0.000	0.000	0	0	0.000	1.320	1.581	-34.53	-278.80	-5.66	0.00
43000	0.000	0.000	0.000	0	0	0.000	1.051	1.581	-36.10	-278.80	0.00	-535.15
43100	0.000	0.000	0.000	0	0	0.000	1.448	1.283	-33.23	-278.80	-5.66	0.00
43200	0.000	0.000	0.000	0	0	0.000	1.846	1.017	-34.91	-278.80	-5.66	0.00
43300	0.000	0.000	0.000	0	0	0.000	1.166	0.750	-32.44	-278.80	0.00	-540.56
43400	0.000	0.000	0.000	0	0	0.000	1.166	1.120	-32.34	-278.80	0.00	0.00
43500	0.000	0.000	0.000	0	0	0.000	1.057	0.622	-33.47	-278.80	0.00	0.00
43600	0.000	0.000	0.000	0	0	0.000	1.080	1.340	-33.65	-278.80	-5.66	0.00
43700	0.000	0.000	0.000	0	0	0.000	0.999	1.193	-33.49	-278.80	0.00	-546.43
43800	0.000	0.000	0.000	0	0	0.000	1.254	1.179	-32.47	-278.80	0.00	-548.26
43900	0.000	0.000	0.000	0	0	0.000	1.254	1.057	-32.21	-278.80	-5.66	0.00
44000	0.000	0.000	0.000	0	0	0.000	1.029	0.990	-32.68	-278.80	0.00	0.00
44100	0.000	0.000	0.000	0	0	0.000	1.222	1.237	-32.66	-278.80	0.00	0.00
44200	0.000	0.000	0.000	0	0	0.000	1.173	1.272	-32.87	-278.80	-5.66	0.00
44300	0.000	0.000	0.000	0	0	0.000	1.805	1.296	-35.01	-278.80	0.00	0.00
44400	0.000	0.000	0.000	0	0	0.000	1.012	1.173	-33.28	-278.80	0.00	-554.60
44500	0.000	0.000	0.000	0	0	0.000	1.231	0.675	-32.62	-278.80	0.00	0.00
44600	0.000	0.000	0.000	0	0	0.000	1.309	0.675	-32.69	-278.80	0.00	-558.83
44700	0.000	0.000	0.000	0	0	0.000	1.360	1.090	-32.48	-278.80	0.00	-559.40
44800	0.000	0.000	0.000	0	0	0.000	1.137	1.008	-32.20	-278.80	0.00	-561.33
44900	0.000	0.000	0.000	0	0	0.000	1.185	1.098	-32.27	-278.80	0.00	-561.74
45000	0.000	0.000	0.000	0	0	0.000	1.373	0.848	-32.48	-278.80	0.00	0.00
45100	0.000	0.000	0.000	0	0	0.000	0.940	1.448	-36.36	-278.80	0.00	0.00
45200	0.000	0.000	0.000	0	0	0.000	1.303	1.465	-33.77	-278.80	0.00	-567.41
45300	0.000	0.000	0.000	0	0	0.000	1.488	1.487	-34.18	-278.80	-0.00	0.00
45400	0.000	0.000	0.000	0	0	0.000	1.394	1.487	-33.97	-278.80	-5.66	0.00
45500	0.000	0.000	0.000	0	0	0.000	1.729	0.651	-34.49	-278.80	-5.66	0.00
45600	0.000	0.000	0.000	0	0	0.000	1.737	0.651	-34.54	-278.80	0.00	-568.74
45700	0.000	0.000	0.000	0	0	0.000	1.152	0.845	-32.24	-278.80	0.00	0.00
45800	0.000	0.000	0.000	0	0	0.000	1.641	0.567	-34.23	-278.80	0.00	-568.42
45900	0.000	0.000	0.000	0	0	0.000	1.579	0.923	-33.34	-278.80	0.00	0.00
46000	0.000	0.000	0.000	0	0	0.000	1.070	0.876	-32.46	-278.80	0.00	0.00
46100	0.000	0.000	0.000	0	0	0.000	1.444	1.044	-32.73	-278.80	0.00	0.00
46200	0.000	0.000	0.000	0	0	0.000	1.195	1.019	-32.14	-278.80	0.00	-575.77
46300	0.000	0.000	0.000	0	0	0.000	1.217	0.839	-32.20	-278.80	0.00	0.00
46400	0.000	0.000	0.000	0	0	0.000	1.029	0.827	-32.82	-278.80	0.00	0.00
46500	0.000	0.000	0.000	0	0	0.000	1.491	0.880	-32.93	-278.80	0.00	0.00
46600	0.000	0.000	0.000	0	0	0.000	1.428	0.652	-33.07	-278.80	0.00	-576.10
46700	0.000	0.000	0.000	0	0	0.000	1.244	0.807	-32.27	-278.80	0.00	0.00
46800	0.000	0.000	0.000	0	0	0.000	1.136	1.130	-32.43	-278.80	0.00	-579.22
46900	0.000	0.000	0.000	0	0	0.000	1.136	1.097	-32.34	-278.80	0.00	0.00
47000	0.000	0.000	0.000	0	0	0.000	1.183	0.841	-32.21	-278.80	0.00	0.00
47100	0.000	0.000	0.000	0	0	0.000	1.088	1.136	-32.62	-278.80	-0.00	0.38
47200	0.000	0.000	0.000	0	0	0.000	1.221	1.402	-33.47	-278.80	0.00	0.00
47300	0.000	0.000	0.000	0	0	0.000	1.605	1.364	-34.14	-278.80	0.00	0.00
47400	0.000	0.000	0.000	0	0	0.000	1.839	0.821	-34.91	-278.80	0.00	0.00
47500	0.000	0.000	0.000	0	0	0.000	2.114	1.193	-36.73	-278.80	0.00	0.00
47600	0.000	0.000	0.000	0	0	0.000	1.354	0.924	-32.37	-278.80	0.00	-598.50
47700	0.000	0.000	0.000	0	0	0.000	0.970	1.064	-33.34	-278.80	0.00	0.00
47800	0.000	0.000	0.000	0	0	0.000	1.212	1.026	-32.15	-278.80	0.00	-607.50
47900	0.000	0.000	0.000	0	0	0.000	1.312	1.097	-32.37	-278.80	0.00	-607.59
48000	0.000	0.000	0.000	0	0	0.000	1.322	0.588	-33.03	-278.80	0.00	0.00
48100	0.000	0.000	0.000	0	0	0.000	1.358	1.238	-32.82	-278.80	0.00	0.00
48200	0.000	0.000	0.000	0	0	0.000	1.071	1.193	-32.92	-278.80	0.00	0.00
48300	0.000	0.000	0.000	0	0	0.000	1.146	0.670	-32.77	-278.80	0.00	-610.27
48400	0.000	0.000	0.000	0	0	0.000	1.173	1.029	-32.17	-278.80	-5.66	0.00
48500	0.000	0.000	0.000	0	0	0.000	2.193	1.164	-37.20	-278.80	0.00	0.00
48600	0.000	0.000	0.000	0	0	0.000	1.486	0.861	-32.91	-278.80	-5.66	0.00
48700	0.000	0.000	0.000	0	0	0.000	1.104	1.118	-32.49	-278.80	0.00	-616.13
48800	0.000	0.000	0.000	0	0	0.000	1.192	1.368	-33.33	-278.80	0.00	-616.16
48900	0.000	0.000	0.000	0	0	0.000	1.093	1.142	-32.61	-278.80	0.00	-616.92
49000	0.000	0.000	0.000	0	0	0.000	1.139	0.792	-32.37	-278.80	0.00	-614.73
49100	0.000	0.000	0.000	0	0	0.000	1.297	1.134	-32.41	-278.80	0.00	-615.26
49200	0.000	0.000	0.000	0	0	0.000	1.580	1.115	-33.45	-278.80	0.00	-615.65
49300	0.000	0.000	0.000	0	0	0.000	1.409	1.223	-32.92	-278.80	0.00	0.00
49400	0.000	0.000	0.000	0	0	0.000	1.185	0.895	-32.14	-278.80	0.00	-619.38
49500	0.000	0.000	0.000	0	0	0.000	1.187	1.009	-32.14	-278.80	-5.66	0.00
49600	0.000	0.000	0.000	0	0	0.000	1.091	0.820	-32.47	-278.80	0.00	0.00
49700	0.000	0.000	0.000	0	0	0.000	1.068	1.020	-32.47	-278.80	0.00	0.00
49800	0.000	0.000	0.000	0	0	0.000	1.509	1.213	-33.29	-278.80	0.00	0.00
49900	0.000	0.000	0.000	0	0	0.000	1.618	0.700	-33.80	-278.80	0.00	0.00
50000	0.000	0.000	0.000	0	0	0.000	1.087	0.650	-33.11	-278.80	0.00	0.00
